[0.016s] Invoking command in '/app/ros_ws/build/hri_signal_pkg': CMAKE_PREFIX_PATH=${CMAKE_PREFIX_PATH}:/app/ros_ws/install/wearable_pkg:/opt/ros/humble /usr/bin/cmake --build /app/ros_ws/build/hri_signal_pkg -- -j24 -l24
[0.265s] Invoked command in '/app/ros_ws/build/hri_signal_pkg' returned '0': CMAKE_PREFIX_PATH=${CMAKE_PREFIX_PATH}:/app/ros_ws/install/wearable_pkg:/opt/ros/humble /usr/bin/cmake --build /app/ros_ws/build/hri_signal_pkg -- -j24 -l24
[0.279s] Invoking command in '/app/ros_ws/build/hri_signal_pkg': CMAKE_PREFIX_PATH=${CMAKE_PREFIX_PATH}:/app/ros_ws/install/wearable_pkg:/opt/ros/humble /usr/bin/cmake --install /app/ros_ws/build/hri_signal_pkg
[0.289s] -- Install configuration: ""
[0.289s] -- Execute custom install script
[0.290s] -- Up-to-date symlink: /app/ros_ws/install/hri_signal_pkg/share/ament_index/resource_index/package_run_dependencies/hri_signal_pkg
[0.290s] -- Up-to-date symlink: /app/ros_ws/install/hri_signal_pkg/share/ament_index/resource_index/parent_prefix_path/hri_signal_pkg
[0.290s] -- Up-to-date symlink: /app/ros_ws/install/hri_signal_pkg/share/hri_signal_pkg/environment/ament_prefix_path.sh
[0.290s] -- Up-to-date symlink: /app/ros_ws/install/hri_signal_pkg/share/hri_signal_pkg/environment/ament_prefix_path.dsv
[0.290s] -- Up-to-date symlink: /app/ros_ws/install/hri_signal_pkg/share/hri_signal_pkg/environment/path.sh
[0.290s] -- Up-to-date symlink: /app/ros_ws/install/hri_signal_pkg/share/hri_signal_pkg/environment/path.dsv
[0.290s] -- Up-to-date symlink: /app/ros_ws/install/hri_signal_pkg/share/hri_signal_pkg/local_setup.bash
[0.291s] -- Up-to-date symlink: /app/ros_ws/install/hri_signal_pkg/share/hri_signal_pkg/local_setup.sh
[0.291s] -- Up-to-date symlink: /app/ros_ws/install/hri_signal_pkg/share/hri_signal_pkg/local_setup.zsh
[0.291s] -- Up-to-date symlink: /app/ros_ws/install/hri_signal_pkg/share/hri_signal_pkg/local_setup.dsv
[0.291s] -- Symlinking: /app/ros_ws/install/hri_signal_pkg/share/hri_signal_pkg/package.dsv
[0.303s] -- Up-to-date symlink: /app/ros_ws/install/hri_signal_pkg/share/ament_index/resource_index/packages/hri_signal_pkg
[0.303s] -- Up-to-date symlink: /app/ros_ws/install/hri_signal_pkg/share/hri_signal_pkg/cmake/hri_signal_pkgConfig.cmake
[0.303s] -- Up-to-date symlink: /app/ros_ws/install/hri_signal_pkg/share/hri_signal_pkg/cmake/hri_signal_pkgConfig-version.cmake
[0.303s] -- Up-to-date symlink: /app/ros_ws/install/hri_signal_pkg/share/hri_signal_pkg/package.xml
[0.307s] Invoked command in '/app/ros_ws/build/hri_signal_pkg' returned '0': CMAKE_PREFIX_PATH=${CMAKE_PREFIX_PATH}:/app/ros_ws/install/wearable_pkg:/opt/ros/humble /usr/bin/cmake --install /app/ros_ws/build/hri_signal_pkg
