[0.083s] [34mcolcon[0m [1;30mDEBUG[0m [32mCommand line arguments: ['/home/do/HRI_Drone_project/.pixi/envs/default/bin/colcon', 'build', '--packages-select', 'hri_drone_project'][0m
[0.083s] [34mcolcon[0m [1;30mDEBUG[0m [32mParsed command line arguments: Namespace(log_base=None, log_level=None, verb_name='build', build_base='build', install_base='install', merge_install=False, symlink_install=False, test_result_base=None, continue_on_error=False, executor='parallel', parallel_workers=16, event_handlers=None, ignore_user_meta=False, metas=['./colcon.meta'], base_paths=['.'], packages_ignore=None, packages_ignore_regex=None, paths=None, packages_up_to=None, packages_up_to_regex=None, packages_above=None, packages_above_and_dependencies=None, packages_above_depth=None, packages_select_by_dep=None, packages_skip_by_dep=None, packages_skip_up_to=None, packages_select_build_failed=False, packages_skip_build_finished=False, packages_select_test_failures=False, packages_skip_test_passed=False, packages_select=['hri_drone_project'], packages_skip=None, packages_select_regex=None, packages_skip_regex=None, packages_start=None, packages_end=None, cmake_args=None, cmake_target=None, cmake_target_skip_unavailable=False, cmake_clean_cache=False, cmake_clean_first=False, cmake_force_configure=False, ament_cmake_args=None, catkin_cmake_args=None, catkin_skip_building_tests=False, verb_parser=<colcon_defaults.argument_parser.defaults.DefaultArgumentsDecorator object at 0x7ec8c72e59d0>, verb_extension=<colcon_core.verb.build.BuildVerb object at 0x7ec8c6874cd0>, main=<bound method BuildVerb.main of <colcon_core.verb.build.BuildVerb object at 0x7ec8c6874cd0>>)[0m
[0.104s] [34mcolcon.colcon_core.package_discovery[0m [1;30mLevel 1[0m discover_packages(colcon_meta) check parameters
[0.104s] [34mcolcon.colcon_core.package_discovery[0m [1;30mLevel 1[0m discover_packages(recursive) check parameters
[0.104s] [34mcolcon.colcon_core.package_discovery[0m [1;30mLevel 1[0m discover_packages(ignore) check parameters
[0.104s] [34mcolcon.colcon_core.package_discovery[0m [1;30mLevel 1[0m discover_packages(path) check parameters
[0.104s] [34mcolcon.colcon_core.package_discovery[0m [1;30mLevel 1[0m discover_packages(colcon_meta) discover
[0.104s] [34mcolcon.colcon_core.package_discovery[0m [1;30mLevel 1[0m discover_packages(recursive) discover
[0.105s] [34mcolcon.colcon_core.package_discovery[0m [1;30mINFO[0m Crawling recursively for packages in '/home/do/HRI_Drone_project'
[0.105s] [34mcolcon.colcon_core.package_identification[0m [1;30mLevel 1[0m _identify(.) by extensions ['ignore', 'ignore_ament_install']
[0.105s] [34mcolcon.colcon_core.package_identification[0m [1;30mLevel 1[0m _identify(.) by extension 'ignore'
[0.105s] [34mcolcon.colcon_core.package_identification[0m [1;30mLevel 1[0m _identify(.) by extension 'ignore_ament_install'
[0.105s] [34mcolcon.colcon_core.package_identification[0m [1;30mLevel 1[0m _identify(.) by extensions ['colcon_pkg']
[0.105s] [34mcolcon.colcon_core.package_identification[0m [1;30mLevel 1[0m _identify(.) by extension 'colcon_pkg'
[0.105s] [34mcolcon.colcon_core.package_identification[0m [1;30mLevel 1[0m _identify(.) by extensions ['colcon_meta']
[0.105s] [34mcolcon.colcon_core.package_identification[0m [1;30mLevel 1[0m _identify(.) by extension 'colcon_meta'
[0.105s] [34mcolcon.colcon_core.package_identification[0m [1;30mLevel 1[0m _identify(.) by extensions ['ros']
[0.105s] [34mcolcon.colcon_core.package_identification[0m [1;30mLevel 1[0m _identify(.) by extension 'ros'
[0.125s] [34mcolcon.colcon_core.package_identification[0m [1;30mDEBUG[0m [32mPackage '.' with type 'ros.ament_cmake' and name 'hri_drone_project'[0m
[0.126s] [34mcolcon.colcon_core.package_discovery[0m [1;30mLevel 1[0m discover_packages(recursive) using defaults
[0.126s] [34mcolcon.colcon_core.package_discovery[0m [1;30mLevel 1[0m discover_packages(ignore) discover
[0.126s] [34mcolcon.colcon_core.package_discovery[0m [1;30mLevel 1[0m discover_packages(ignore) using defaults
[0.126s] [34mcolcon.colcon_core.package_discovery[0m [1;30mLevel 1[0m discover_packages(path) discover
[0.126s] [34mcolcon.colcon_core.package_discovery[0m [1;30mLevel 1[0m discover_packages(path) using defaults
[0.135s] [34mcolcon.colcon_core.verb[0m [1;30mLevel 5[0m set package 'hri_drone_project' build argument 'cmake_args' from command line to 'None'
[0.135s] [34mcolcon.colcon_core.verb[0m [1;30mLevel 5[0m set package 'hri_drone_project' build argument 'cmake_target' from command line to 'None'
[0.135s] [34mcolcon.colcon_core.verb[0m [1;30mLevel 5[0m set package 'hri_drone_project' build argument 'cmake_target_skip_unavailable' from command line to 'False'
[0.135s] [34mcolcon.colcon_core.verb[0m [1;30mLevel 5[0m set package 'hri_drone_project' build argument 'cmake_clean_cache' from command line to 'False'
[0.135s] [34mcolcon.colcon_core.verb[0m [1;30mLevel 5[0m set package 'hri_drone_project' build argument 'cmake_clean_first' from command line to 'False'
[0.135s] [34mcolcon.colcon_core.verb[0m [1;30mLevel 5[0m set package 'hri_drone_project' build argument 'cmake_force_configure' from command line to 'False'
[0.135s] [34mcolcon.colcon_core.verb[0m [1;30mLevel 5[0m set package 'hri_drone_project' build argument 'ament_cmake_args' from command line to 'None'
[0.135s] [34mcolcon.colcon_core.verb[0m [1;30mLevel 5[0m set package 'hri_drone_project' build argument 'catkin_cmake_args' from command line to 'None'
[0.135s] [34mcolcon.colcon_core.verb[0m [1;30mLevel 5[0m set package 'hri_drone_project' build argument 'catkin_skip_building_tests' from command line to 'False'
[0.135s] [34mcolcon.colcon_core.verb[0m [1;30mDEBUG[0m [32mBuilding package 'hri_drone_project' with the following arguments: {'ament_cmake_args': None, 'build_base': '/home/do/HRI_Drone_project/build/hri_drone_project', 'catkin_cmake_args': None, 'catkin_skip_building_tests': False, 'cmake_args': None, 'cmake_clean_cache': False, 'cmake_clean_first': False, 'cmake_force_configure': False, 'cmake_target': None, 'cmake_target_skip_unavailable': False, 'install_base': '/home/do/HRI_Drone_project/install/hri_drone_project', 'merge_install': False, 'path': '/home/do/HRI_Drone_project', 'symlink_install': False, 'test_result_base': None}[0m
[0.135s] [34mcolcon.colcon_core.executor[0m [1;30mINFO[0m Executing jobs using 'parallel' executor
[0.135s] [34mcolcon.colcon_parallel_executor.executor.parallel[0m [1;30mDEBUG[0m [32mrun_until_complete[0m
[0.135s] [34mcolcon.colcon_ros.task.ament_cmake.build[0m [1;30mINFO[0m Building ROS package in '/home/do/HRI_Drone_project' with build type 'ament_cmake'
[0.136s] [34mcolcon.colcon_cmake.task.cmake.build[0m [1;30mINFO[0m Building CMake package in '/home/do/HRI_Drone_project'
[0.137s] [34mcolcon.colcon_core.plugin_system[0m [1;30mINFO[0m Skipping extension 'colcon_core.shell.bat': Not used on non-Windows systems
[0.137s] [34mcolcon.colcon_core.shell[0m [1;30mINFO[0m Skip shell extension 'powershell' for command environment: Not usable outside of PowerShell
[0.137s] [34mcolcon.colcon_core.shell[0m [1;30mDEBUG[0m [32mSkip shell extension 'dsv' for command environment[0m
[0.137s] [34mcolcon.colcon_ros.prefix_path.ament[0m [1;30mWARNING[0m [33mThe path '/home/do/HRI_Drone_project/install/hri_drone_project' in the environment variable AMENT_PREFIX_PATH doesn't exist[0m
[0.137s] [34mcolcon.colcon_ros.prefix_path.catkin[0m [1;30mWARNING[0m [33mThe path '/home/do/HRI_Drone_project/install/hri_drone_project' in the environment variable CMAKE_PREFIX_PATH doesn't exist[0m
[0.142s] [34mcolcon.colcon_core.event_handler.log_command[0m [1;30mDEBUG[0m [32mInvoking command in '/home/do/HRI_Drone_project/build/hri_drone_project': CMAKE_PREFIX_PATH=${CMAKE_PREFIX_PATH}:/home/do/HRI_Drone_project/.pixi/envs/default DEBUGINFOD_URLS=https://debuginfod.ubuntu.com PIXI_PROMPT=(HRI_Drone_project) PS1=(HRI_Drone_project) \[\e]0;\u@\h: \w\a\]${debian_chroot:+($debian_chroot)}\[\033[01;32m\]\u@\h\[\033[00m\]:\[\033[01;34m\]\w\[\033[00m\]\$ /home/do/HRI_Drone_project/.pixi/envs/default/bin/cmake /home/do/HRI_Drone_project -DCMAKE_INSTALL_PREFIX=/home/do/HRI_Drone_project/install/hri_drone_project[0m
[1.360s] [34mcolcon.colcon_core.event_handler.log_command[0m [1;30mDEBUG[0m [32mInvoked command in '/home/do/HRI_Drone_project/build/hri_drone_project' returned '0': CMAKE_PREFIX_PATH=${CMAKE_PREFIX_PATH}:/home/do/HRI_Drone_project/.pixi/envs/default DEBUGINFOD_URLS=https://debuginfod.ubuntu.com PIXI_PROMPT=(HRI_Drone_project) PS1=(HRI_Drone_project) \[\e]0;\u@\h: \w\a\]${debian_chroot:+($debian_chroot)}\[\033[01;32m\]\u@\h\[\033[00m\]:\[\033[01;34m\]\w\[\033[00m\]\$ /home/do/HRI_Drone_project/.pixi/envs/default/bin/cmake /home/do/HRI_Drone_project -DCMAKE_INSTALL_PREFIX=/home/do/HRI_Drone_project/install/hri_drone_project[0m
[1.361s] [34mcolcon.colcon_core.event_handler.log_command[0m [1;30mDEBUG[0m [32mInvoking command in '/home/do/HRI_Drone_project/build/hri_drone_project': CMAKE_PREFIX_PATH=${CMAKE_PREFIX_PATH}:/home/do/HRI_Drone_project/.pixi/envs/default DEBUGINFOD_URLS=https://debuginfod.ubuntu.com PIXI_PROMPT=(HRI_Drone_project) PS1=(HRI_Drone_project) \[\e]0;\u@\h: \w\a\]${debian_chroot:+($debian_chroot)}\[\033[01;32m\]\u@\h\[\033[00m\]:\[\033[01;34m\]\w\[\033[00m\]\$ /home/do/HRI_Drone_project/.pixi/envs/default/bin/cmake --build /home/do/HRI_Drone_project/build/hri_drone_project -- -j16 -l16[0m
[3.953s] [34mcolcon.colcon_core.event_handler.log_command[0m [1;30mDEBUG[0m [32mInvoked command in '/home/do/HRI_Drone_project/build/hri_drone_project' returned '0': CMAKE_PREFIX_PATH=${CMAKE_PREFIX_PATH}:/home/do/HRI_Drone_project/.pixi/envs/default DEBUGINFOD_URLS=https://debuginfod.ubuntu.com PIXI_PROMPT=(HRI_Drone_project) PS1=(HRI_Drone_project) \[\e]0;\u@\h: \w\a\]${debian_chroot:+($debian_chroot)}\[\033[01;32m\]\u@\h\[\033[00m\]:\[\033[01;34m\]\w\[\033[00m\]\$ /home/do/HRI_Drone_project/.pixi/envs/default/bin/cmake --build /home/do/HRI_Drone_project/build/hri_drone_project -- -j16 -l16[0m
[3.957s] [34mcolcon.colcon_core.event_handler.log_command[0m [1;30mDEBUG[0m [32mInvoking command in '/home/do/HRI_Drone_project/build/hri_drone_project': CMAKE_PREFIX_PATH=${CMAKE_PREFIX_PATH}:/home/do/HRI_Drone_project/.pixi/envs/default DEBUGINFOD_URLS=https://debuginfod.ubuntu.com PIXI_PROMPT=(HRI_Drone_project) PS1=(HRI_Drone_project) \[\e]0;\u@\h: \w\a\]${debian_chroot:+($debian_chroot)}\[\033[01;32m\]\u@\h\[\033[00m\]:\[\033[01;34m\]\w\[\033[00m\]\$ /home/do/HRI_Drone_project/.pixi/envs/default/bin/cmake --install /home/do/HRI_Drone_project/build/hri_drone_project[0m
[3.963s] [34mcolcon.colcon_core.environment[0m [1;30mLevel 1[0m create_environment_scripts_only(hri_drone_project)
[3.963s] [34mcolcon.colcon_core.event_handler.log_command[0m [1;30mDEBUG[0m [32mInvoked command in '/home/do/HRI_Drone_project/build/hri_drone_project' returned '0': CMAKE_PREFIX_PATH=${CMAKE_PREFIX_PATH}:/home/do/HRI_Drone_project/.pixi/envs/default DEBUGINFOD_URLS=https://debuginfod.ubuntu.com PIXI_PROMPT=(HRI_Drone_project) PS1=(HRI_Drone_project) \[\e]0;\u@\h: \w\a\]${debian_chroot:+($debian_chroot)}\[\033[01;32m\]\u@\h\[\033[00m\]:\[\033[01;34m\]\w\[\033[00m\]\$ /home/do/HRI_Drone_project/.pixi/envs/default/bin/cmake --install /home/do/HRI_Drone_project/build/hri_drone_project[0m
[3.964s] [34mcolcon.colcon_core.environment[0m [1;30mLevel 1[0m checking '/home/do/HRI_Drone_project/install/hri_drone_project' for CMake module files
[3.964s] [34mcolcon.colcon_core.environment[0m [1;30mLevel 1[0m checking '/home/do/HRI_Drone_project/install/hri_drone_project' for CMake config files
[3.964s] [34mcolcon.colcon_core.shell[0m [1;30mLevel 1[0m create_environment_hook('hri_drone_project', 'cmake_prefix_path')
[3.965s] [34mcolcon.colcon_core.shell[0m [1;30mINFO[0m Creating environment hook '/home/do/HRI_Drone_project/install/hri_drone_project/share/hri_drone_project/hook/cmake_prefix_path.ps1'
[3.965s] [34mcolcon.colcon_core.shell[0m [1;30mINFO[0m Creating environment descriptor '/home/do/HRI_Drone_project/install/hri_drone_project/share/hri_drone_project/hook/cmake_prefix_path.dsv'
[3.965s] [34mcolcon.colcon_core.shell[0m [1;30mINFO[0m Creating environment hook '/home/do/HRI_Drone_project/install/hri_drone_project/share/hri_drone_project/hook/cmake_prefix_path.sh'
[3.966s] [34mcolcon.colcon_core.environment[0m [1;30mLevel 1[0m checking '/home/do/HRI_Drone_project/install/hri_drone_project/lib'
[3.966s] [34mcolcon.colcon_core.environment[0m [1;30mLevel 1[0m checking '/home/do/HRI_Drone_project/install/hri_drone_project/bin'
[3.966s] [34mcolcon.colcon_core.environment[0m [1;30mLevel 1[0m checking '/home/do/HRI_Drone_project/install/hri_drone_project/lib/pkgconfig/hri_drone_project.pc'
[3.967s] [34mcolcon.colcon_core.environment[0m [1;30mLevel 1[0m checking '/home/do/HRI_Drone_project/install/hri_drone_project/lib/python3.11/site-packages'
[3.967s] [34mcolcon.colcon_core.environment[0m [1;30mLevel 1[0m checking '/home/do/HRI_Drone_project/install/hri_drone_project/bin'
[3.967s] [34mcolcon.colcon_core.shell[0m [1;30mINFO[0m Creating package script '/home/do/HRI_Drone_project/install/hri_drone_project/share/hri_drone_project/package.ps1'
[3.967s] [34mcolcon.colcon_core.shell[0m [1;30mINFO[0m Creating package descriptor '/home/do/HRI_Drone_project/install/hri_drone_project/share/hri_drone_project/package.dsv'
[3.967s] [34mcolcon.colcon_core.shell[0m [1;30mINFO[0m Creating package script '/home/do/HRI_Drone_project/install/hri_drone_project/share/hri_drone_project/package.sh'
[3.968s] [34mcolcon.colcon_core.shell[0m [1;30mINFO[0m Creating package script '/home/do/HRI_Drone_project/install/hri_drone_project/share/hri_drone_project/package.bash'
[3.968s] [34mcolcon.colcon_core.shell[0m [1;30mINFO[0m Creating package script '/home/do/HRI_Drone_project/install/hri_drone_project/share/hri_drone_project/package.zsh'
[3.968s] [34mcolcon.colcon_core.environment[0m [1;30mLevel 1[0m create_file_with_runtime_dependencies(/home/do/HRI_Drone_project/install/hri_drone_project/share/colcon-core/packages/hri_drone_project)
[3.969s] [34mcolcon.colcon_core.environment[0m [1;30mLevel 1[0m create_environment_scripts_only(hri_drone_project)
[3.969s] [34mcolcon.colcon_core.environment[0m [1;30mLevel 1[0m checking '/home/do/HRI_Drone_project/install/hri_drone_project' for CMake module files
[3.969s] [34mcolcon.colcon_core.environment[0m [1;30mLevel 1[0m checking '/home/do/HRI_Drone_project/install/hri_drone_project' for CMake config files
[3.969s] [34mcolcon.colcon_core.shell[0m [1;30mLevel 1[0m create_environment_hook('hri_drone_project', 'cmake_prefix_path')
[3.969s] [34mcolcon.colcon_core.shell[0m [1;30mINFO[0m Creating environment hook '/home/do/HRI_Drone_project/install/hri_drone_project/share/hri_drone_project/hook/cmake_prefix_path.ps1'
[3.970s] [34mcolcon.colcon_core.shell[0m [1;30mINFO[0m Creating environment descriptor '/home/do/HRI_Drone_project/install/hri_drone_project/share/hri_drone_project/hook/cmake_prefix_path.dsv'
[3.970s] [34mcolcon.colcon_core.shell[0m [1;30mINFO[0m Creating environment hook '/home/do/HRI_Drone_project/install/hri_drone_project/share/hri_drone_project/hook/cmake_prefix_path.sh'
[3.970s] [34mcolcon.colcon_core.environment[0m [1;30mLevel 1[0m checking '/home/do/HRI_Drone_project/install/hri_drone_project/lib'
[3.970s] [34mcolcon.colcon_core.environment[0m [1;30mLevel 1[0m checking '/home/do/HRI_Drone_project/install/hri_drone_project/bin'
[3.970s] [34mcolcon.colcon_core.environment[0m [1;30mLevel 1[0m checking '/home/do/HRI_Drone_project/install/hri_drone_project/lib/pkgconfig/hri_drone_project.pc'
[3.970s] [34mcolcon.colcon_core.environment[0m [1;30mLevel 1[0m checking '/home/do/HRI_Drone_project/install/hri_drone_project/lib/python3.11/site-packages'
[3.970s] [34mcolcon.colcon_core.environment[0m [1;30mLevel 1[0m checking '/home/do/HRI_Drone_project/install/hri_drone_project/bin'
[3.970s] [34mcolcon.colcon_core.shell[0m [1;30mINFO[0m Creating package script '/home/do/HRI_Drone_project/install/hri_drone_project/share/hri_drone_project/package.ps1'
[3.971s] [34mcolcon.colcon_core.shell[0m [1;30mINFO[0m Creating package descriptor '/home/do/HRI_Drone_project/install/hri_drone_project/share/hri_drone_project/package.dsv'
[3.971s] [34mcolcon.colcon_core.shell[0m [1;30mINFO[0m Creating package script '/home/do/HRI_Drone_project/install/hri_drone_project/share/hri_drone_project/package.sh'
[3.971s] [34mcolcon.colcon_core.shell[0m [1;30mINFO[0m Creating package script '/home/do/HRI_Drone_project/install/hri_drone_project/share/hri_drone_project/package.bash'
[3.971s] [34mcolcon.colcon_core.shell[0m [1;30mINFO[0m Creating package script '/home/do/HRI_Drone_project/install/hri_drone_project/share/hri_drone_project/package.zsh'
[3.972s] [34mcolcon.colcon_core.environment[0m [1;30mLevel 1[0m create_file_with_runtime_dependencies(/home/do/HRI_Drone_project/install/hri_drone_project/share/colcon-core/packages/hri_drone_project)
[3.972s] [34mcolcon.colcon_parallel_executor.executor.parallel[0m [1;30mDEBUG[0m [32mclosing loop[0m
[3.972s] [34mcolcon.colcon_parallel_executor.executor.parallel[0m [1;30mDEBUG[0m [32mloop closed[0m
[3.972s] [34mcolcon.colcon_parallel_executor.executor.parallel[0m [1;30mDEBUG[0m [32mrun_until_complete finished with '0'[0m
[3.972s] [34mcolcon.colcon_core.event_reactor[0m [1;30mDEBUG[0m [32mjoining thread[0m
[3.972s] [34mcolcon.colcon_core.event_reactor[0m [1;30mDEBUG[0m [32mjoined thread[0m
[3.972s] [34mcolcon.colcon_core.shell[0m [1;30mINFO[0m Creating prefix script '/home/do/HRI_Drone_project/install/local_setup.ps1'
[3.973s] [34mcolcon.colcon_core.shell[0m [1;30mINFO[0m Creating prefix util module '/home/do/HRI_Drone_project/install/_local_setup_util_ps1.py'
[3.974s] [34mcolcon.colcon_core.shell[0m [1;30mINFO[0m Creating prefix chain script '/home/do/HRI_Drone_project/install/setup.ps1'
[3.974s] [34mcolcon.colcon_core.shell[0m [1;30mINFO[0m Creating prefix script '/home/do/HRI_Drone_project/install/local_setup.sh'
[3.974s] [34mcolcon.colcon_core.shell[0m [1;30mINFO[0m Creating prefix util module '/home/do/HRI_Drone_project/install/_local_setup_util_sh.py'
[3.975s] [34mcolcon.colcon_core.shell[0m [1;30mINFO[0m Creating prefix chain script '/home/do/HRI_Drone_project/install/setup.sh'
[3.975s] [34mcolcon.colcon_core.shell[0m [1;30mINFO[0m Creating prefix script '/home/do/HRI_Drone_project/install/local_setup.bash'
[3.975s] [34mcolcon.colcon_core.shell[0m [1;30mINFO[0m Creating prefix chain script '/home/do/HRI_Drone_project/install/setup.bash'
[3.976s] [34mcolcon.colcon_core.shell[0m [1;30mINFO[0m Creating prefix script '/home/do/HRI_Drone_project/install/local_setup.zsh'
[3.976s] [34mcolcon.colcon_core.shell[0m [1;30mINFO[0m Creating prefix chain script '/home/do/HRI_Drone_project/install/setup.zsh'
