-- The C compiler identification is GNU 13.3.0
-- The CXX compiler identification is GNU 13.3.0
-- Detecting C compiler ABI info
-- Detecting C compiler ABI info - done
-- Check for working C compiler: /usr/bin/cc - skipped
-- Detecting C compile features
-- Detecting C compile features - done
-- Detecting CXX compiler ABI info
-- Detecting CXX compiler ABI info - done
-- Check for working CXX compiler: /usr/bin/c++ - skipped
-- Detecting CXX compile features
-- Detecting CXX compile features - done
-- Found ament_cmake: 1.3.12 (/home/do/HRI_Drone_project/.pixi/envs/default/share/ament_cmake/cmake)
-- Found Python3: /home/do/HRI_Drone_project/.pixi/envs/default/bin/python3 (found version "3.11.14") found components: Interpreter
-- Found rclcpp: 16.0.13 (/home/do/HRI_Drone_project/.pixi/envs/default/share/rclcpp/cmake)
-- Found rosidl_generator_c: 3.1.6 (/home/do/HRI_Drone_project/.pixi/envs/default/share/rosidl_generator_c/cmake)
-- Found rosidl_adapter: 3.1.6 (/home/do/HRI_Drone_project/.pixi/envs/default/share/rosidl_adapter/cmake)
-- Found rosidl_generator_cpp: 3.1.6 (/home/do/HRI_Drone_project/.pixi/envs/default/share/rosidl_generator_cpp/cmake)
-- Using all available rosidl_typesupport_c: rosidl_typesupport_fastrtps_c;rosidl_typesupport_introspection_c
-- Using all available rosidl_typesupport_cpp: rosidl_typesupport_fastrtps_cpp;rosidl_typesupport_introspection_cpp
-- Checking for module 'yaml-0.1'
--   Found yaml-0.1, version 0.2.5
-- Found rmw_implementation_cmake: 6.1.2 (/home/do/HRI_Drone_project/.pixi/envs/default/share/rmw_implementation_cmake/cmake)
-- Found rmw_fastrtps_cpp: 6.2.7 (/home/do/HRI_Drone_project/.pixi/envs/default/share/rmw_fastrtps_cpp/cmake)
-- Found OpenSSL: /home/do/HRI_Drone_project/.pixi/envs/default/lib/libcrypto.so (found version "3.6.0")
-- Found FastRTPS: /home/do/HRI_Drone_project/.pixi/envs/default/include
-- Using RMW implementation 'rmw_fastrtps_cpp' as default
-- Performing Test CMAKE_HAVE_LIBC_PTHREAD
-- Performing Test CMAKE_HAVE_LIBC_PTHREAD - Success
-- Found Threads: TRUE
-- Found std_msgs: 4.9.0 (/home/do/HRI_Drone_project/.pixi/envs/default/share/std_msgs/cmake)
-- Configuring done (1.2s)
-- Generating done (0.0s)
-- Build files have been written to: /home/do/HRI_Drone_project/build/hri_drone_project
[ 33%] [32mBuilding CXX object CMakeFiles/Signal_Bridge_Node.dir/src/Signal_Bridge_main.cpp.o[0m
[ 66%] [32mBuilding CXX object CMakeFiles/Signal_Bridge_Node.dir/src/Signal_Bridge_Node.cpp.o[0m
[100%] [1m[32mLinking CXX executable Signal_Bridge_Node[0m
[100%] Built target Signal_Bridge_Node
-- Install configuration: ""
-- Installing: /home/do/HRI_Drone_project/install/hri_drone_project/lib/hri_drone_project/Signal_Bridge_Node
-- Set non-toolchain portion of runtime path of "/home/do/HRI_Drone_project/install/hri_drone_project/lib/hri_drone_project/Signal_Bridge_Node" to ""
-- Installing: /home/do/HRI_Drone_project/install/hri_drone_project/share/ament_index/resource_index/package_run_dependencies/hri_drone_project
-- Installing: /home/do/HRI_Drone_project/install/hri_drone_project/share/ament_index/resource_index/parent_prefix_path/hri_drone_project
-- Installing: /home/do/HRI_Drone_project/install/hri_drone_project/share/hri_drone_project/environment/ament_prefix_path.sh
-- Installing: /home/do/HRI_Drone_project/install/hri_drone_project/share/hri_drone_project/environment/ament_prefix_path.dsv
-- Installing: /home/do/HRI_Drone_project/install/hri_drone_project/share/hri_drone_project/environment/path.sh
-- Installing: /home/do/HRI_Drone_project/install/hri_drone_project/share/hri_drone_project/environment/path.dsv
-- Installing: /home/do/HRI_Drone_project/install/hri_drone_project/share/hri_drone_project/local_setup.bash
-- Installing: /home/do/HRI_Drone_project/install/hri_drone_project/share/hri_drone_project/local_setup.sh
-- Installing: /home/do/HRI_Drone_project/install/hri_drone_project/share/hri_drone_project/local_setup.zsh
-- Installing: /home/do/HRI_Drone_project/install/hri_drone_project/share/hri_drone_project/local_setup.dsv
-- Installing: /home/do/HRI_Drone_project/install/hri_drone_project/share/hri_drone_project/package.dsv
-- Installing: /home/do/HRI_Drone_project/install/hri_drone_project/share/ament_index/resource_index/packages/hri_drone_project
-- Installing: /home/do/HRI_Drone_project/install/hri_drone_project/share/hri_drone_project/cmake/hri_drone_projectConfig.cmake
-- Installing: /home/do/HRI_Drone_project/install/hri_drone_project/share/hri_drone_project/cmake/hri_drone_projectConfig-version.cmake
-- Installing: /home/do/HRI_Drone_project/install/hri_drone_project/share/hri_drone_project/package.xml
