[0.006s] Invoking command in '/home/do/HRI_Drone_project/build/hri_drone_project': CMAKE_PREFIX_PATH=${CMAKE_PREFIX_PATH}:/home/do/HRI_Drone_project/.pixi/envs/default DEBUGINFOD_URLS=https://debuginfod.ubuntu.com PIXI_PROMPT=(HRI_Drone_project) PS1=(HRI_Drone_project) \[\e]0;\u@\h: \w\a\]${debian_chroot:+($debian_chroot)}\[\033[01;32m\]\u@\h\[\033[00m\]:\[\033[01;34m\]\w\[\033[00m\]\$ /home/do/HRI_Drone_project/.pixi/envs/default/bin/cmake /home/do/HRI_Drone_project -DCMAKE_INSTALL_PREFIX=/home/do/HRI_Drone_project/install/hri_drone_project
[0.045s] -- The C compiler identification is GNU 13.3.0
[0.092s] -- The CXX compiler identification is GNU 13.3.0
[0.097s] -- Detecting C compiler ABI info
[0.141s] -- Detecting C compiler ABI info - done
[0.152s] -- Check for working C compiler: /usr/bin/cc - skipped
[0.152s] -- Detecting C compile features
[0.152s] -- Detecting C compile features - done
[0.160s] -- Detecting CXX compiler ABI info
[0.210s] -- Detecting CXX compiler ABI info - done
[0.222s] -- Check for working CXX compiler: /usr/bin/c++ - skipped
[0.222s] -- Detecting CXX compile features
[0.222s] -- Detecting CXX compile features - done
[0.230s] -- Found ament_cmake: 1.3.12 (/home/do/HRI_Drone_project/.pixi/envs/default/share/ament_cmake/cmake)
[0.302s] -- Found Python3: /home/do/HRI_Drone_project/.pixi/envs/default/bin/python3 (found version "3.11.14") found components: Interpreter
[0.394s] -- Found rclcpp: 16.0.13 (/home/do/HRI_Drone_project/.pixi/envs/default/share/rclcpp/cmake)
[0.450s] -- Found rosidl_generator_c: 3.1.6 (/home/do/HRI_Drone_project/.pixi/envs/default/share/rosidl_generator_c/cmake)
[0.458s] -- Found rosidl_adapter: 3.1.6 (/home/do/HRI_Drone_project/.pixi/envs/default/share/rosidl_adapter/cmake)
[0.469s] -- Found rosidl_generator_cpp: 3.1.6 (/home/do/HRI_Drone_project/.pixi/envs/default/share/rosidl_generator_cpp/cmake)
[0.484s] -- Using all available rosidl_typesupport_c: rosidl_typesupport_fastrtps_c;rosidl_typesupport_introspection_c
[0.503s] -- Using all available rosidl_typesupport_cpp: rosidl_typesupport_fastrtps_cpp;rosidl_typesupport_introspection_cpp
[0.573s] -- Checking for module 'yaml-0.1'
[0.616s] --   Found yaml-0.1, version 0.2.5
[0.739s] -- Found rmw_implementation_cmake: 6.1.2 (/home/do/HRI_Drone_project/.pixi/envs/default/share/rmw_implementation_cmake/cmake)
[0.744s] -- Found rmw_fastrtps_cpp: 6.2.7 (/home/do/HRI_Drone_project/.pixi/envs/default/share/rmw_fastrtps_cpp/cmake)
[0.952s] -- Found OpenSSL: /home/do/HRI_Drone_project/.pixi/envs/default/lib/libcrypto.so (found version "3.6.0")
[0.973s] -- Found FastRTPS: /home/do/HRI_Drone_project/.pixi/envs/default/include
[1.007s] -- Using RMW implementation 'rmw_fastrtps_cpp' as default
[1.018s] -- Performing Test CMAKE_HAVE_LIBC_PTHREAD
[1.066s] -- Performing Test CMAKE_HAVE_LIBC_PTHREAD - Success
[1.067s] -- Found Threads: TRUE
[1.119s] -- Found std_msgs: 4.9.0 (/home/do/HRI_Drone_project/.pixi/envs/default/share/std_msgs/cmake)
[1.197s] -- Configuring done (1.2s)
[1.203s] -- Generating done (0.0s)
[1.217s] -- Build files have been written to: /home/do/HRI_Drone_project/build/hri_drone_project
[1.224s] Invoked command in '/home/do/HRI_Drone_project/build/hri_drone_project' returned '0': CMAKE_PREFIX_PATH=${CMAKE_PREFIX_PATH}:/home/do/HRI_Drone_project/.pixi/envs/default DEBUGINFOD_URLS=https://debuginfod.ubuntu.com PIXI_PROMPT=(HRI_Drone_project) PS1=(HRI_Drone_project) \[\e]0;\u@\h: \w\a\]${debian_chroot:+($debian_chroot)}\[\033[01;32m\]\u@\h\[\033[00m\]:\[\033[01;34m\]\w\[\033[00m\]\$ /home/do/HRI_Drone_project/.pixi/envs/default/bin/cmake /home/do/HRI_Drone_project -DCMAKE_INSTALL_PREFIX=/home/do/HRI_Drone_project/install/hri_drone_project
[1.225s] Invoking command in '/home/do/HRI_Drone_project/build/hri_drone_project': CMAKE_PREFIX_PATH=${CMAKE_PREFIX_PATH}:/home/do/HRI_Drone_project/.pixi/envs/default DEBUGINFOD_URLS=https://debuginfod.ubuntu.com PIXI_PROMPT=(HRI_Drone_project) PS1=(HRI_Drone_project) \[\e]0;\u@\h: \w\a\]${debian_chroot:+($debian_chroot)}\[\033[01;32m\]\u@\h\[\033[00m\]:\[\033[01;34m\]\w\[\033[00m\]\$ /home/do/HRI_Drone_project/.pixi/envs/default/bin/cmake --build /home/do/HRI_Drone_project/build/hri_drone_project -- -j16 -l16
[1.249s] [ 33%] [32mBuilding CXX object CMakeFiles/Signal_Bridge_Node.dir/src/Signal_Bridge_main.cpp.o[0m
[1.249s] [ 66%] [32mBuilding CXX object CMakeFiles/Signal_Bridge_Node.dir/src/Signal_Bridge_Node.cpp.o[0m
[3.726s] [100%] [1m[32mLinking CXX executable Signal_Bridge_Node[0m
[3.812s] [100%] Built target Signal_Bridge_Node
[3.817s] Invoked command in '/home/do/HRI_Drone_project/build/hri_drone_project' returned '0': CMAKE_PREFIX_PATH=${CMAKE_PREFIX_PATH}:/home/do/HRI_Drone_project/.pixi/envs/default DEBUGINFOD_URLS=https://debuginfod.ubuntu.com PIXI_PROMPT=(HRI_Drone_project) PS1=(HRI_Drone_project) \[\e]0;\u@\h: \w\a\]${debian_chroot:+($debian_chroot)}\[\033[01;32m\]\u@\h\[\033[00m\]:\[\033[01;34m\]\w\[\033[00m\]\$ /home/do/HRI_Drone_project/.pixi/envs/default/bin/cmake --build /home/do/HRI_Drone_project/build/hri_drone_project -- -j16 -l16
[3.821s] Invoking command in '/home/do/HRI_Drone_project/build/hri_drone_project': CMAKE_PREFIX_PATH=${CMAKE_PREFIX_PATH}:/home/do/HRI_Drone_project/.pixi/envs/default DEBUGINFOD_URLS=https://debuginfod.ubuntu.com PIXI_PROMPT=(HRI_Drone_project) PS1=(HRI_Drone_project) \[\e]0;\u@\h: \w\a\]${debian_chroot:+($debian_chroot)}\[\033[01;32m\]\u@\h\[\033[00m\]:\[\033[01;34m\]\w\[\033[00m\]\$ /home/do/HRI_Drone_project/.pixi/envs/default/bin/cmake --install /home/do/HRI_Drone_project/build/hri_drone_project
[3.825s] -- Install configuration: ""
[3.825s] -- Installing: /home/do/HRI_Drone_project/install/hri_drone_project/lib/hri_drone_project/Signal_Bridge_Node
[3.825s] -- Set non-toolchain portion of runtime path of "/home/do/HRI_Drone_project/install/hri_drone_project/lib/hri_drone_project/Signal_Bridge_Node" to ""
[3.825s] -- Installing: /home/do/HRI_Drone_project/install/hri_drone_project/share/ament_index/resource_index/package_run_dependencies/hri_drone_project
[3.825s] -- Installing: /home/do/HRI_Drone_project/install/hri_drone_project/share/ament_index/resource_index/parent_prefix_path/hri_drone_project
[3.826s] -- Installing: /home/do/HRI_Drone_project/install/hri_drone_project/share/hri_drone_project/environment/ament_prefix_path.sh
[3.826s] -- Installing: /home/do/HRI_Drone_project/install/hri_drone_project/share/hri_drone_project/environment/ament_prefix_path.dsv
[3.826s] -- Installing: /home/do/HRI_Drone_project/install/hri_drone_project/share/hri_drone_project/environment/path.sh
[3.826s] -- Installing: /home/do/HRI_Drone_project/install/hri_drone_project/share/hri_drone_project/environment/path.dsv
[3.826s] -- Installing: /home/do/HRI_Drone_project/install/hri_drone_project/share/hri_drone_project/local_setup.bash
[3.826s] -- Installing: /home/do/HRI_Drone_project/install/hri_drone_project/share/hri_drone_project/local_setup.sh
[3.826s] -- Installing: /home/do/HRI_Drone_project/install/hri_drone_project/share/hri_drone_project/local_setup.zsh
[3.826s] -- Installing: /home/do/HRI_Drone_project/install/hri_drone_project/share/hri_drone_project/local_setup.dsv
[3.826s] -- Installing: /home/do/HRI_Drone_project/install/hri_drone_project/share/hri_drone_project/package.dsv
[3.826s] -- Installing: /home/do/HRI_Drone_project/install/hri_drone_project/share/ament_index/resource_index/packages/hri_drone_project
[3.826s] -- Installing: /home/do/HRI_Drone_project/install/hri_drone_project/share/hri_drone_project/cmake/hri_drone_projectConfig.cmake
[3.826s] -- Installing: /home/do/HRI_Drone_project/install/hri_drone_project/share/hri_drone_project/cmake/hri_drone_projectConfig-version.cmake
[3.826s] -- Installing: /home/do/HRI_Drone_project/install/hri_drone_project/share/hri_drone_project/package.xml
[3.827s] Invoked command in '/home/do/HRI_Drone_project/build/hri_drone_project' returned '0': CMAKE_PREFIX_PATH=${CMAKE_PREFIX_PATH}:/home/do/HRI_Drone_project/.pixi/envs/default DEBUGINFOD_URLS=https://debuginfod.ubuntu.com PIXI_PROMPT=(HRI_Drone_project) PS1=(HRI_Drone_project) \[\e]0;\u@\h: \w\a\]${debian_chroot:+($debian_chroot)}\[\033[01;32m\]\u@\h\[\033[00m\]:\[\033[01;34m\]\w\[\033[00m\]\$ /home/do/HRI_Drone_project/.pixi/envs/default/bin/cmake --install /home/do/HRI_Drone_project/build/hri_drone_project
