[0.249s] Invoking command in '/app/ros_ws/build/wearable_pkg': PYTHONPATH=/app/ros_ws/build/wearable_pkg/prefix_override:/usr/lib/python3/dist-packages/colcon_core/task/python/colcon_distutils_commands:/app/ros_ws/install/wearable_pkg/lib/python3.10/site-packages:${PYTHONPATH} /usr/bin/python3 -W ignore:setup.py install is deprecated -W ignore:easy_install command is deprecated setup.py develop --editable --build-directory /app/ros_ws/build/wearable_pkg/build --no-deps symlink_data
[0.347s] running develop
[0.388s] running egg_info
[0.388s] creating wearable_pkg.egg-info
[0.388s] writing wearable_pkg.egg-info/PKG-INFO
[0.388s] writing dependency_links to wearable_pkg.egg-info/dependency_links.txt
[0.388s] writing entry points to wearable_pkg.egg-info/entry_points.txt
[0.388s] writing requirements to wearable_pkg.egg-info/requires.txt
[0.388s] writing top-level names to wearable_pkg.egg-info/top_level.txt
[0.388s] writing manifest file 'wearable_pkg.egg-info/SOURCES.txt'
[0.389s] reading manifest file 'wearable_pkg.egg-info/SOURCES.txt'
[0.389s] writing manifest file 'wearable_pkg.egg-info/SOURCES.txt'
[0.390s] running build_ext
[0.390s] Creating /app/ros_ws/install/wearable_pkg/lib/python3.10/site-packages/wearable-pkg.egg-link (link to .)
[0.390s] Installing signal_processor script to /app/ros_ws/install/wearable_pkg/lib/wearable_pkg
[0.390s] Installing teleop_node script to /app/ros_ws/install/wearable_pkg/lib/wearable_pkg
[0.390s] 
[0.390s] Installed /app/ros_ws/build/wearable_pkg
[0.390s] running symlink_data
[0.390s] creating /app/ros_ws/install/wearable_pkg/share/ament_index
[0.390s] creating /app/ros_ws/install/wearable_pkg/share/ament_index/resource_index
[0.390s] creating /app/ros_ws/install/wearable_pkg/share/ament_index/resource_index/packages
[0.390s] symbolically linking /app/ros_ws/build/wearable_pkg/resource/wearable_pkg -> /app/ros_ws/install/wearable_pkg/share/ament_index/resource_index/packages
[0.390s] symbolically linking /app/ros_ws/build/wearable_pkg/package.xml -> /app/ros_ws/install/wearable_pkg/share/wearable_pkg
[0.390s] creating /app/ros_ws/install/wearable_pkg/share/wearable_pkg/urdf
[0.390s] symbolically linking /app/ros_ws/build/wearable_pkg/urdf/wearable_hand.urdf -> /app/ros_ws/install/wearable_pkg/share/wearable_pkg/urdf
[0.390s] creating /app/ros_ws/install/wearable_pkg/share/wearable_pkg/meshes
[0.390s] symbolically linking /app/ros_ws/build/wearable_pkg/meshes/r_hand.stl -> /app/ros_ws/install/wearable_pkg/share/wearable_pkg/meshes
[0.390s] symbolically linking /app/ros_ws/build/wearable_pkg/meshes/r_forearm.stl -> /app/ros_ws/install/wearable_pkg/share/wearable_pkg/meshes
[0.390s] symbolically linking /app/ros_ws/build/wearable_pkg/meshes/r_shoulder_base.stl -> /app/ros_ws/install/wearable_pkg/share/wearable_pkg/meshes
[0.390s] symbolically linking /app/ros_ws/build/wearable_pkg/meshes/index3_1.stl -> /app/ros_ws/install/wearable_pkg/share/wearable_pkg/meshes
[0.390s] symbolically linking /app/ros_ws/build/wearable_pkg/meshes/bicep.stl -> /app/ros_ws/install/wearable_pkg/share/wearable_pkg/meshes
[0.390s] symbolically linking /app/ros_ws/build/wearable_pkg/meshes/index3_2.stl -> /app/ros_ws/install/wearable_pkg/share/wearable_pkg/meshes
[0.390s] symbolically linking /app/ros_ws/build/wearable_pkg/meshes/index3_3.stl -> /app/ros_ws/install/wearable_pkg/share/wearable_pkg/meshes
[0.390s] symbolically linking /app/ros_ws/build/wearable_pkg/meshes/r_shoulder.stl -> /app/ros_ws/install/wearable_pkg/share/wearable_pkg/meshes
[0.390s] creating /app/ros_ws/install/wearable_pkg/share/wearable_pkg/launch
[0.390s] symbolically linking /app/ros_ws/build/wearable_pkg/launch/view_model.launch.py -> /app/ros_ws/install/wearable_pkg/share/wearable_pkg/launch
[0.390s] symbolically linking /app/ros_ws/build/wearable_pkg/launch/simulation.launch.py -> /app/ros_ws/install/wearable_pkg/share/wearable_pkg/launch
[0.402s] Invoked command in '/app/ros_ws/build/wearable_pkg' returned '0': PYTHONPATH=/app/ros_ws/build/wearable_pkg/prefix_override:/usr/lib/python3/dist-packages/colcon_core/task/python/colcon_distutils_commands:/app/ros_ws/install/wearable_pkg/lib/python3.10/site-packages:${PYTHONPATH} /usr/bin/python3 -W ignore:setup.py install is deprecated -W ignore:easy_install command is deprecated setup.py develop --editable --build-directory /app/ros_ws/build/wearable_pkg/build --no-deps symlink_data
