[0.009s] Invoking command in '/app/ros_ws/build/hri_signal_pkg': CMAKE_PREFIX_PATH=${CMAKE_PREFIX_PATH}:/opt/ros/humble /usr/bin/cmake /app/ros_ws/src/hri_signal_pkg -DAMENT_CMAKE_SYMLINK_INSTALL=1 -DCMAKE_INSTALL_PREFIX=/app/ros_ws/install/hri_signal_pkg
[0.042s] -- The C compiler identification is GNU 11.4.0
[0.071s] -- The CXX compiler identification is GNU 11.4.0
[0.075s] -- Detecting C compiler ABI info
[0.112s] -- Detecting C compiler ABI info - done
[0.116s] -- Check for working C compiler: /usr/bin/cc - skipped
[0.116s] -- Detecting C compile features
[0.116s] -- Detecting C compile features - done
[0.118s] -- Detecting CXX compiler ABI info
[0.160s] -- Detecting CXX compiler ABI info - done
[0.164s] -- Check for working CXX compiler: /usr/bin/c++ - skipped
[0.164s] -- Detecting CXX compile features
[0.164s] -- Detecting CXX compile features - done
[0.166s] -- Found ament_cmake: 1.3.12 (/opt/ros/humble/share/ament_cmake/cmake)
[0.247s] -- Found Python3: /usr/bin/python3 (found version "3.10.12") found components: Interpreter 
[0.281s] -- Override CMake install command with custom implementation using symlinks instead of copying resources
[0.299s] -- Found rclcpp: 16.0.17 (/opt/ros/humble/share/rclcpp/cmake)
[0.324s] -- Found rosidl_generator_c: 3.1.8 (/opt/ros/humble/share/rosidl_generator_c/cmake)
[0.327s] -- Found rosidl_adapter: 3.1.8 (/opt/ros/humble/share/rosidl_adapter/cmake)
[0.332s] -- Found rosidl_generator_cpp: 3.1.8 (/opt/ros/humble/share/rosidl_generator_cpp/cmake)
[0.338s] -- Using all available rosidl_typesupport_c: rosidl_typesupport_fastrtps_c;rosidl_typesupport_introspection_c
[0.347s] -- Using all available rosidl_typesupport_cpp: rosidl_typesupport_fastrtps_cpp;rosidl_typesupport_introspection_cpp
[0.367s] -- Found rmw_implementation_cmake: 6.1.2 (/opt/ros/humble/share/rmw_implementation_cmake/cmake)
[0.368s] -- Found rmw_fastrtps_cpp: 6.2.9 (/opt/ros/humble/share/rmw_fastrtps_cpp/cmake)
[0.418s] -- Found OpenSSL: /usr/lib/x86_64-linux-gnu/libcrypto.so (found version "3.0.2")  
[0.433s] -- Found FastRTPS: /opt/ros/humble/include  
[0.455s] -- Using RMW implementation 'rmw_fastrtps_cpp' as default
[0.459s] -- Looking for pthread.h
[0.501s] -- Looking for pthread.h - found
[0.502s] -- Performing Test CMAKE_HAVE_LIBC_PTHREAD
[0.544s] -- Performing Test CMAKE_HAVE_LIBC_PTHREAD - Success
[0.545s] -- Found Threads: TRUE  
[0.567s] -- Found sensor_msgs: 4.9.0 (/opt/ros/humble/share/sensor_msgs/cmake)
[0.580s] -- Found ament_lint_auto: 0.12.14 (/opt/ros/humble/share/ament_lint_auto/cmake)
[0.625s] -- Added test 'cppcheck' to perform static code analysis on C / C++ code
[0.625s] -- Configured cppcheck include dirs: 
[0.625s] -- Configured cppcheck exclude dirs and/or files: 
[0.626s] -- Added test 'lint_cmake' to check CMake code style
[0.626s] -- Added test 'uncrustify' to check C / C++ code style
[0.626s] -- Configured uncrustify additional arguments: 
[0.626s] -- Added test 'xmllint' to check XML markup files
[0.626s] -- Configuring done
[0.628s] -- Generating done
[0.629s] -- Build files have been written to: /app/ros_ws/build/hri_signal_pkg
[0.633s] Invoked command in '/app/ros_ws/build/hri_signal_pkg' returned '0': CMAKE_PREFIX_PATH=${CMAKE_PREFIX_PATH}:/opt/ros/humble /usr/bin/cmake /app/ros_ws/src/hri_signal_pkg -DAMENT_CMAKE_SYMLINK_INSTALL=1 -DCMAKE_INSTALL_PREFIX=/app/ros_ws/install/hri_signal_pkg
[0.634s] Invoking command in '/app/ros_ws/build/hri_signal_pkg': CMAKE_PREFIX_PATH=${CMAKE_PREFIX_PATH}:/opt/ros/humble /usr/bin/cmake --build /app/ros_ws/build/hri_signal_pkg -- -j24 -l24
[0.656s] Invoked command in '/app/ros_ws/build/hri_signal_pkg' returned '0': CMAKE_PREFIX_PATH=${CMAKE_PREFIX_PATH}:/opt/ros/humble /usr/bin/cmake --build /app/ros_ws/build/hri_signal_pkg -- -j24 -l24
[0.660s] Invoking command in '/app/ros_ws/build/hri_signal_pkg': CMAKE_PREFIX_PATH=${CMAKE_PREFIX_PATH}:/opt/ros/humble /usr/bin/cmake --install /app/ros_ws/build/hri_signal_pkg
[0.664s] -- Install configuration: ""
[0.664s] -- Execute custom install script
[0.664s] -- Symlinking: /app/ros_ws/install/hri_signal_pkg/share/ament_index/resource_index/package_run_dependencies/hri_signal_pkg
[0.668s] -- Symlinking: /app/ros_ws/install/hri_signal_pkg/share/ament_index/resource_index/parent_prefix_path/hri_signal_pkg
[0.673s] -- Symlinking: /app/ros_ws/install/hri_signal_pkg/share/hri_signal_pkg/environment/ament_prefix_path.sh
[0.676s] -- Symlinking: /app/ros_ws/install/hri_signal_pkg/share/hri_signal_pkg/environment/ament_prefix_path.dsv
[0.681s] -- Symlinking: /app/ros_ws/install/hri_signal_pkg/share/hri_signal_pkg/environment/path.sh
[0.686s] -- Symlinking: /app/ros_ws/install/hri_signal_pkg/share/hri_signal_pkg/environment/path.dsv
[0.690s] -- Symlinking: /app/ros_ws/install/hri_signal_pkg/share/hri_signal_pkg/local_setup.bash
[0.694s] -- Symlinking: /app/ros_ws/install/hri_signal_pkg/share/hri_signal_pkg/local_setup.sh
[0.698s] -- Symlinking: /app/ros_ws/install/hri_signal_pkg/share/hri_signal_pkg/local_setup.zsh
[0.703s] -- Symlinking: /app/ros_ws/install/hri_signal_pkg/share/hri_signal_pkg/local_setup.dsv
[0.707s] -- Symlinking: /app/ros_ws/install/hri_signal_pkg/share/hri_signal_pkg/package.dsv
[0.711s] -- Symlinking: /app/ros_ws/install/hri_signal_pkg/share/ament_index/resource_index/packages/hri_signal_pkg
[0.715s] -- Symlinking: /app/ros_ws/install/hri_signal_pkg/share/hri_signal_pkg/cmake/hri_signal_pkgConfig.cmake
[0.719s] -- Symlinking: /app/ros_ws/install/hri_signal_pkg/share/hri_signal_pkg/cmake/hri_signal_pkgConfig-version.cmake
[0.724s] -- Symlinking: /app/ros_ws/install/hri_signal_pkg/share/hri_signal_pkg/package.xml
[0.730s] Invoked command in '/app/ros_ws/build/hri_signal_pkg' returned '0': CMAKE_PREFIX_PATH=${CMAKE_PREFIX_PATH}:/opt/ros/humble /usr/bin/cmake --install /app/ros_ws/build/hri_signal_pkg
