[0.222s] DEBUG:colcon:Command line arguments: ['/usr/bin/colcon', 'build', '--symlink-install']
[0.222s] DEBUG:colcon:Parsed command line arguments: Namespace(log_base=None, log_level=None, verb_name='build', build_base='build', install_base='install', merge_install=False, symlink_install=True, test_result_base=None, continue_on_error=False, executor='parallel', parallel_workers=24, event_handlers=None, ignore_user_meta=False, metas=['./colcon.meta'], base_paths=['.'], packages_ignore=None, packages_ignore_regex=None, paths=None, packages_up_to=None, packages_up_to_regex=None, packages_above=None, packages_above_and_dependencies=None, packages_above_depth=None, packages_select_by_dep=None, packages_skip_by_dep=None, packages_skip_up_to=None, packages_select_build_failed=False, packages_skip_build_finished=False, packages_select_test_failures=False, packages_skip_test_passed=False, packages_select=None, packages_skip=None, packages_select_regex=None, packages_skip_regex=None, packages_start=None, packages_end=None, cmake_args=None, cmake_target=None, cmake_target_skip_unavailable=False, cmake_clean_cache=False, cmake_clean_first=False, cmake_force_configure=False, ament_cmake_args=None, catkin_cmake_args=None, catkin_skip_building_tests=False, mixin_files=None, mixin=None, verb_parser=<colcon_mixin.mixin.mixin_argument.MixinArgumentDecorator object at 0x792634f83b50>, verb_extension=<colcon_core.verb.build.BuildVerb object at 0x7926350cca90>, main=<bound method BuildVerb.main of <colcon_core.verb.build.BuildVerb object at 0x7926350cca90>>, mixin_verb=('build',))
[0.424s] Level 1:colcon.colcon_core.package_discovery:discover_packages(colcon_meta) check parameters
[0.425s] INFO:colcon.colcon_metadata.package_discovery.colcon_meta:Using configuration from '/root/.colcon/metadata/default/Gazebo.meta'
[0.426s] INFO:colcon.colcon_metadata.package_discovery.colcon_meta:Using configuration from '/root/.colcon/metadata/default/fastdds.meta'
[0.426s] INFO:colcon.colcon_metadata.package_discovery.colcon_meta:Using configuration from '/root/.colcon/metadata/default/fastrtps.meta'
[0.426s] Level 1:colcon.colcon_core.package_discovery:discover_packages(recursive) check parameters
[0.426s] Level 1:colcon.colcon_core.package_discovery:discover_packages(ignore) check parameters
[0.426s] Level 1:colcon.colcon_core.package_discovery:discover_packages(path) check parameters
[0.427s] Level 1:colcon.colcon_core.package_discovery:discover_packages(colcon_meta) discover
[0.427s] Level 1:colcon.colcon_core.package_discovery:discover_packages(recursive) discover
[0.427s] INFO:colcon.colcon_core.package_discovery:Crawling recursively for packages in '/app/ros_ws'
[0.427s] Level 1:colcon.colcon_core.package_identification:_identify(.) by extensions ['ignore', 'ignore_ament_install']
[0.427s] Level 1:colcon.colcon_core.package_identification:_identify(.) by extension 'ignore'
[0.427s] Level 1:colcon.colcon_core.package_identification:_identify(.) by extension 'ignore_ament_install'
[0.427s] Level 1:colcon.colcon_core.package_identification:_identify(.) by extensions ['colcon_pkg']
[0.427s] Level 1:colcon.colcon_core.package_identification:_identify(.) by extension 'colcon_pkg'
[0.427s] Level 1:colcon.colcon_core.package_identification:_identify(.) by extensions ['colcon_meta']
[0.427s] Level 1:colcon.colcon_core.package_identification:_identify(.) by extension 'colcon_meta'
[0.427s] Level 1:colcon.colcon_core.package_identification:_identify(.) by extensions ['ros']
[0.427s] Level 1:colcon.colcon_core.package_identification:_identify(.) by extension 'ros'
[0.444s] Level 1:colcon.colcon_core.package_identification:_identify(.) by extensions ['cmake', 'python']
[0.444s] Level 1:colcon.colcon_core.package_identification:_identify(.) by extension 'cmake'
[0.444s] Level 1:colcon.colcon_core.package_identification:_identify(.) by extension 'python'
[0.444s] Level 1:colcon.colcon_core.package_identification:_identify(.) by extensions ['python_setup_py']
[0.444s] Level 1:colcon.colcon_core.package_identification:_identify(.) by extension 'python_setup_py'
[0.445s] Level 1:colcon.colcon_core.package_identification:_identify(build) by extensions ['ignore', 'ignore_ament_install']
[0.445s] Level 1:colcon.colcon_core.package_identification:_identify(build) by extension 'ignore'
[0.445s] Level 1:colcon.colcon_core.package_identification:_identify(build) ignored
[0.445s] Level 1:colcon.colcon_core.package_identification:_identify(install) by extensions ['ignore', 'ignore_ament_install']
[0.445s] Level 1:colcon.colcon_core.package_identification:_identify(install) by extension 'ignore'
[0.445s] Level 1:colcon.colcon_core.package_identification:_identify(install) ignored
[0.445s] Level 1:colcon.colcon_core.package_identification:_identify(log) by extensions ['ignore', 'ignore_ament_install']
[0.445s] Level 1:colcon.colcon_core.package_identification:_identify(log) by extension 'ignore'
[0.445s] Level 1:colcon.colcon_core.package_identification:_identify(log) ignored
[0.445s] Level 1:colcon.colcon_core.package_identification:_identify(src) by extensions ['ignore', 'ignore_ament_install']
[0.446s] Level 1:colcon.colcon_core.package_identification:_identify(src) by extension 'ignore'
[0.446s] Level 1:colcon.colcon_core.package_identification:_identify(src) by extension 'ignore_ament_install'
[0.446s] Level 1:colcon.colcon_core.package_identification:_identify(src) by extensions ['colcon_pkg']
[0.446s] Level 1:colcon.colcon_core.package_identification:_identify(src) by extension 'colcon_pkg'
[0.446s] Level 1:colcon.colcon_core.package_identification:_identify(src) by extensions ['colcon_meta']
[0.446s] Level 1:colcon.colcon_core.package_identification:_identify(src) by extension 'colcon_meta'
[0.446s] Level 1:colcon.colcon_core.package_identification:_identify(src) by extensions ['ros']
[0.446s] Level 1:colcon.colcon_core.package_identification:_identify(src) by extension 'ros'
[0.446s] Level 1:colcon.colcon_core.package_identification:_identify(src) by extensions ['cmake', 'python']
[0.446s] Level 1:colcon.colcon_core.package_identification:_identify(src) by extension 'cmake'
[0.446s] Level 1:colcon.colcon_core.package_identification:_identify(src) by extension 'python'
[0.446s] Level 1:colcon.colcon_core.package_identification:_identify(src) by extensions ['python_setup_py']
[0.446s] Level 1:colcon.colcon_core.package_identification:_identify(src) by extension 'python_setup_py'
[0.446s] Level 1:colcon.colcon_core.package_identification:_identify(src/hri_signal_pkg) by extensions ['ignore', 'ignore_ament_install']
[0.446s] Level 1:colcon.colcon_core.package_identification:_identify(src/hri_signal_pkg) by extension 'ignore'
[0.446s] Level 1:colcon.colcon_core.package_identification:_identify(src/hri_signal_pkg) by extension 'ignore_ament_install'
[0.446s] Level 1:colcon.colcon_core.package_identification:_identify(src/hri_signal_pkg) by extensions ['colcon_pkg']
[0.447s] Level 1:colcon.colcon_core.package_identification:_identify(src/hri_signal_pkg) by extension 'colcon_pkg'
[0.447s] Level 1:colcon.colcon_core.package_identification:_identify(src/hri_signal_pkg) by extensions ['colcon_meta']
[0.447s] Level 1:colcon.colcon_core.package_identification:_identify(src/hri_signal_pkg) by extension 'colcon_meta'
[0.447s] Level 1:colcon.colcon_core.package_identification:_identify(src/hri_signal_pkg) by extensions ['ros']
[0.447s] Level 1:colcon.colcon_core.package_identification:_identify(src/hri_signal_pkg) by extension 'ros'
[0.451s] DEBUG:colcon.colcon_core.package_identification:Package 'src/hri_signal_pkg' with type 'ros.ament_cmake' and name 'hri_signal_pkg'
[0.451s] Level 1:colcon.colcon_core.package_identification:_identify(src/wearable_pkg) by extensions ['ignore', 'ignore_ament_install']
[0.451s] Level 1:colcon.colcon_core.package_identification:_identify(src/wearable_pkg) by extension 'ignore'
[0.451s] Level 1:colcon.colcon_core.package_identification:_identify(src/wearable_pkg) by extension 'ignore_ament_install'
[0.451s] Level 1:colcon.colcon_core.package_identification:_identify(src/wearable_pkg) by extensions ['colcon_pkg']
[0.451s] Level 1:colcon.colcon_core.package_identification:_identify(src/wearable_pkg) by extension 'colcon_pkg'
[0.451s] Level 1:colcon.colcon_core.package_identification:_identify(src/wearable_pkg) by extensions ['colcon_meta']
[0.451s] Level 1:colcon.colcon_core.package_identification:_identify(src/wearable_pkg) by extension 'colcon_meta'
[0.451s] Level 1:colcon.colcon_core.package_identification:_identify(src/wearable_pkg) by extensions ['ros']
[0.451s] Level 1:colcon.colcon_core.package_identification:_identify(src/wearable_pkg) by extension 'ros'
[0.452s] DEBUG:colcon.colcon_core.package_identification:Package 'src/wearable_pkg' with type 'ros.ament_python' and name 'wearable_pkg'
[0.452s] Level 1:colcon.colcon_core.package_discovery:discover_packages(recursive) using defaults
[0.453s] Level 1:colcon.colcon_core.package_discovery:discover_packages(ignore) discover
[0.453s] Level 1:colcon.colcon_core.package_discovery:discover_packages(ignore) using defaults
[0.453s] Level 1:colcon.colcon_core.package_discovery:discover_packages(path) discover
[0.453s] Level 1:colcon.colcon_core.package_discovery:discover_packages(path) using defaults
[0.484s] Level 5:colcon.colcon_core.verb:set package 'hri_signal_pkg' build argument 'cmake_args' from command line to 'None'
[0.484s] Level 5:colcon.colcon_core.verb:set package 'hri_signal_pkg' build argument 'cmake_target' from command line to 'None'
[0.484s] Level 5:colcon.colcon_core.verb:set package 'hri_signal_pkg' build argument 'cmake_target_skip_unavailable' from command line to 'False'
[0.484s] Level 5:colcon.colcon_core.verb:set package 'hri_signal_pkg' build argument 'cmake_clean_cache' from command line to 'False'
[0.484s] Level 5:colcon.colcon_core.verb:set package 'hri_signal_pkg' build argument 'cmake_clean_first' from command line to 'False'
[0.484s] Level 5:colcon.colcon_core.verb:set package 'hri_signal_pkg' build argument 'cmake_force_configure' from command line to 'False'
[0.484s] Level 5:colcon.colcon_core.verb:set package 'hri_signal_pkg' build argument 'ament_cmake_args' from command line to 'None'
[0.484s] Level 5:colcon.colcon_core.verb:set package 'hri_signal_pkg' build argument 'catkin_cmake_args' from command line to 'None'
[0.484s] Level 5:colcon.colcon_core.verb:set package 'hri_signal_pkg' build argument 'catkin_skip_building_tests' from command line to 'False'
[0.484s] DEBUG:colcon.colcon_core.verb:Building package 'hri_signal_pkg' with the following arguments: {'ament_cmake_args': None, 'build_base': '/app/ros_ws/build/hri_signal_pkg', 'catkin_cmake_args': None, 'catkin_skip_building_tests': False, 'cmake_args': None, 'cmake_clean_cache': False, 'cmake_clean_first': False, 'cmake_force_configure': False, 'cmake_target': None, 'cmake_target_skip_unavailable': False, 'install_base': '/app/ros_ws/install/hri_signal_pkg', 'merge_install': False, 'path': '/app/ros_ws/src/hri_signal_pkg', 'symlink_install': True, 'test_result_base': None}
[0.484s] Level 5:colcon.colcon_core.verb:set package 'wearable_pkg' build argument 'cmake_args' from command line to 'None'
[0.485s] Level 5:colcon.colcon_core.verb:set package 'wearable_pkg' build argument 'cmake_target' from command line to 'None'
[0.485s] Level 5:colcon.colcon_core.verb:set package 'wearable_pkg' build argument 'cmake_target_skip_unavailable' from command line to 'False'
[0.485s] Level 5:colcon.colcon_core.verb:set package 'wearable_pkg' build argument 'cmake_clean_cache' from command line to 'False'
[0.485s] Level 5:colcon.colcon_core.verb:set package 'wearable_pkg' build argument 'cmake_clean_first' from command line to 'False'
[0.485s] Level 5:colcon.colcon_core.verb:set package 'wearable_pkg' build argument 'cmake_force_configure' from command line to 'False'
[0.485s] Level 5:colcon.colcon_core.verb:set package 'wearable_pkg' build argument 'ament_cmake_args' from command line to 'None'
[0.485s] Level 5:colcon.colcon_core.verb:set package 'wearable_pkg' build argument 'catkin_cmake_args' from command line to 'None'
[0.485s] Level 5:colcon.colcon_core.verb:set package 'wearable_pkg' build argument 'catkin_skip_building_tests' from command line to 'False'
[0.485s] DEBUG:colcon.colcon_core.verb:Building package 'wearable_pkg' with the following arguments: {'ament_cmake_args': None, 'build_base': '/app/ros_ws/build/wearable_pkg', 'catkin_cmake_args': None, 'catkin_skip_building_tests': False, 'cmake_args': None, 'cmake_clean_cache': False, 'cmake_clean_first': False, 'cmake_force_configure': False, 'cmake_target': None, 'cmake_target_skip_unavailable': False, 'install_base': '/app/ros_ws/install/wearable_pkg', 'merge_install': False, 'path': '/app/ros_ws/src/wearable_pkg', 'symlink_install': True, 'test_result_base': None}
[0.485s] INFO:colcon.colcon_core.executor:Executing jobs using 'parallel' executor
[0.487s] DEBUG:colcon.colcon_parallel_executor.executor.parallel:run_until_complete
[0.487s] INFO:colcon.colcon_ros.task.ament_cmake.build:Building ROS package in '/app/ros_ws/src/hri_signal_pkg' with build type 'ament_cmake'
[0.487s] INFO:colcon.colcon_cmake.task.cmake.build:Building CMake package in '/app/ros_ws/src/hri_signal_pkg'
[0.491s] INFO:colcon.colcon_core.plugin_system:Skipping extension 'colcon_core.shell.bat': Not used on non-Windows systems
[0.491s] INFO:colcon.colcon_core.shell:Skip shell extension 'powershell' for command environment: Not usable outside of PowerShell
[0.491s] DEBUG:colcon.colcon_core.shell:Skip shell extension 'dsv' for command environment
[0.499s] INFO:colcon.colcon_ros.task.ament_python.build:Building ROS package in '/app/ros_ws/src/wearable_pkg' with build type 'ament_python'
[0.499s] Level 1:colcon.colcon_core.shell:create_environment_hook('wearable_pkg', 'ament_prefix_path')
[0.499s] INFO:colcon.colcon_core.shell:Creating environment hook '/app/ros_ws/install/wearable_pkg/share/wearable_pkg/hook/ament_prefix_path.ps1'
[0.500s] INFO:colcon.colcon_core.shell:Creating environment descriptor '/app/ros_ws/install/wearable_pkg/share/wearable_pkg/hook/ament_prefix_path.dsv'
[0.501s] INFO:colcon.colcon_core.shell:Creating environment hook '/app/ros_ws/install/wearable_pkg/share/wearable_pkg/hook/ament_prefix_path.sh'
[0.503s] INFO:colcon.colcon_core.shell:Skip shell extension 'powershell' for command environment: Not usable outside of PowerShell
[0.503s] DEBUG:colcon.colcon_core.shell:Skip shell extension 'dsv' for command environment
[0.514s] DEBUG:colcon.colcon_core.event_handler.log_command:Invoking command in '/app/ros_ws/build/hri_signal_pkg': CMAKE_PREFIX_PATH=${CMAKE_PREFIX_PATH}:/opt/ros/humble /usr/bin/cmake --build /app/ros_ws/build/hri_signal_pkg -- -j24 -l24
[0.742s] INFO:colcon.colcon_core.task.python.build:Building Python package in '/app/ros_ws/src/wearable_pkg'
[0.743s] INFO:colcon.colcon_core.shell:Skip shell extension 'powershell' for command environment: Not usable outside of PowerShell
[0.743s] DEBUG:colcon.colcon_core.shell:Skip shell extension 'dsv' for command environment
[0.749s] DEBUG:colcon.colcon_core.event_handler.log_command:Invoked command in '/app/ros_ws/build/hri_signal_pkg' returned '0': CMAKE_PREFIX_PATH=${CMAKE_PREFIX_PATH}:/opt/ros/humble /usr/bin/cmake --build /app/ros_ws/build/hri_signal_pkg -- -j24 -l24
[0.761s] DEBUG:colcon.colcon_core.event_handler.log_command:Invoking command in '/app/ros_ws/build/hri_signal_pkg': CMAKE_PREFIX_PATH=${CMAKE_PREFIX_PATH}:/opt/ros/humble /usr/bin/cmake --install /app/ros_ws/build/hri_signal_pkg
[0.788s] Level 1:colcon.colcon_core.environment:create_environment_scripts_only(hri_signal_pkg)
[0.789s] DEBUG:colcon.colcon_core.event_handler.log_command:Invoked command in '/app/ros_ws/build/hri_signal_pkg' returned '0': CMAKE_PREFIX_PATH=${CMAKE_PREFIX_PATH}:/opt/ros/humble /usr/bin/cmake --install /app/ros_ws/build/hri_signal_pkg
[0.793s] Level 1:colcon.colcon_core.environment:checking '/app/ros_ws/install/hri_signal_pkg' for CMake module files
[0.794s] Level 1:colcon.colcon_core.environment:checking '/app/ros_ws/install/hri_signal_pkg' for CMake config files
[0.794s] Level 1:colcon.colcon_core.shell:create_environment_hook('hri_signal_pkg', 'cmake_prefix_path')
[0.794s] INFO:colcon.colcon_core.shell:Creating environment hook '/app/ros_ws/install/hri_signal_pkg/share/hri_signal_pkg/hook/cmake_prefix_path.ps1'
[0.795s] INFO:colcon.colcon_core.shell:Creating environment descriptor '/app/ros_ws/install/hri_signal_pkg/share/hri_signal_pkg/hook/cmake_prefix_path.dsv'
[0.795s] INFO:colcon.colcon_core.shell:Creating environment hook '/app/ros_ws/install/hri_signal_pkg/share/hri_signal_pkg/hook/cmake_prefix_path.sh'
[0.796s] Level 1:colcon.colcon_core.environment:checking '/app/ros_ws/install/hri_signal_pkg/bin'
[0.796s] Level 1:colcon.colcon_core.environment:checking '/app/ros_ws/install/hri_signal_pkg/lib/pkgconfig/hri_signal_pkg.pc'
[0.797s] Level 1:colcon.colcon_core.environment:checking '/app/ros_ws/install/hri_signal_pkg/lib/python3.10/site-packages'
[0.797s] Level 1:colcon.colcon_core.environment:checking '/app/ros_ws/install/hri_signal_pkg/bin'
[0.797s] INFO:colcon.colcon_core.shell:Creating package script '/app/ros_ws/install/hri_signal_pkg/share/hri_signal_pkg/package.ps1'
[0.799s] INFO:colcon.colcon_core.shell:Creating package descriptor '/app/ros_ws/install/hri_signal_pkg/share/hri_signal_pkg/package.dsv'
[0.799s] INFO:colcon.colcon_core.shell:Creating package script '/app/ros_ws/install/hri_signal_pkg/share/hri_signal_pkg/package.sh'
[0.800s] INFO:colcon.colcon_core.shell:Creating package script '/app/ros_ws/install/hri_signal_pkg/share/hri_signal_pkg/package.bash'
[0.802s] INFO:colcon.colcon_core.shell:Creating package script '/app/ros_ws/install/hri_signal_pkg/share/hri_signal_pkg/package.zsh'
[0.802s] Level 1:colcon.colcon_core.environment:create_file_with_runtime_dependencies(/app/ros_ws/install/hri_signal_pkg/share/colcon-core/packages/hri_signal_pkg)
[0.803s] Level 1:colcon.colcon_core.environment:create_environment_scripts_only(hri_signal_pkg)
[0.804s] Level 1:colcon.colcon_core.environment:checking '/app/ros_ws/install/hri_signal_pkg' for CMake module files
[0.804s] Level 1:colcon.colcon_core.environment:checking '/app/ros_ws/install/hri_signal_pkg' for CMake config files
[0.804s] Level 1:colcon.colcon_core.shell:create_environment_hook('hri_signal_pkg', 'cmake_prefix_path')
[0.805s] INFO:colcon.colcon_core.shell:Creating environment hook '/app/ros_ws/install/hri_signal_pkg/share/hri_signal_pkg/hook/cmake_prefix_path.ps1'
[0.805s] INFO:colcon.colcon_core.shell:Creating environment descriptor '/app/ros_ws/install/hri_signal_pkg/share/hri_signal_pkg/hook/cmake_prefix_path.dsv'
[0.806s] INFO:colcon.colcon_core.shell:Creating environment hook '/app/ros_ws/install/hri_signal_pkg/share/hri_signal_pkg/hook/cmake_prefix_path.sh'
[0.806s] Level 1:colcon.colcon_core.environment:checking '/app/ros_ws/install/hri_signal_pkg/bin'
[0.806s] Level 1:colcon.colcon_core.environment:checking '/app/ros_ws/install/hri_signal_pkg/lib/pkgconfig/hri_signal_pkg.pc'
[0.807s] Level 1:colcon.colcon_core.environment:checking '/app/ros_ws/install/hri_signal_pkg/lib/python3.10/site-packages'
[0.807s] Level 1:colcon.colcon_core.environment:checking '/app/ros_ws/install/hri_signal_pkg/bin'
[0.807s] INFO:colcon.colcon_core.shell:Creating package script '/app/ros_ws/install/hri_signal_pkg/share/hri_signal_pkg/package.ps1'
[0.808s] INFO:colcon.colcon_core.shell:Creating package descriptor '/app/ros_ws/install/hri_signal_pkg/share/hri_signal_pkg/package.dsv'
[0.808s] INFO:colcon.colcon_core.shell:Creating package script '/app/ros_ws/install/hri_signal_pkg/share/hri_signal_pkg/package.sh'
[0.809s] INFO:colcon.colcon_core.shell:Creating package script '/app/ros_ws/install/hri_signal_pkg/share/hri_signal_pkg/package.bash'
[0.809s] INFO:colcon.colcon_core.shell:Creating package script '/app/ros_ws/install/hri_signal_pkg/share/hri_signal_pkg/package.zsh'
[0.810s] Level 1:colcon.colcon_core.environment:create_file_with_runtime_dependencies(/app/ros_ws/install/hri_signal_pkg/share/colcon-core/packages/hri_signal_pkg)
[1.049s] DEBUG:colcon.colcon_core.event_handler.log_command:Invoking command in '/app/ros_ws/build/wearable_pkg': PYTHONPATH=/app/ros_ws/build/wearable_pkg/prefix_override:/usr/lib/python3/dist-packages/colcon_core/task/python/colcon_distutils_commands:/app/ros_ws/install/wearable_pkg/lib/python3.10/site-packages:${PYTHONPATH} /usr/bin/python3 -W ignore:setup.py install is deprecated -W ignore:easy_install command is deprecated setup.py develop --editable --build-directory /app/ros_ws/build/wearable_pkg/build --no-deps symlink_data
[1.373s] Level 1:colcon.colcon_core.shell:create_environment_hook('wearable_pkg', 'pythonpath_develop')
[1.374s] INFO:colcon.colcon_core.shell:Creating environment hook '/app/ros_ws/build/wearable_pkg/share/wearable_pkg/hook/pythonpath_develop.ps1'
[1.375s] DEBUG:colcon.colcon_core.event_handler.log_command:Invoked command in '/app/ros_ws/build/wearable_pkg' returned '0': PYTHONPATH=/app/ros_ws/build/wearable_pkg/prefix_override:/usr/lib/python3/dist-packages/colcon_core/task/python/colcon_distutils_commands:/app/ros_ws/install/wearable_pkg/lib/python3.10/site-packages:${PYTHONPATH} /usr/bin/python3 -W ignore:setup.py install is deprecated -W ignore:easy_install command is deprecated setup.py develop --editable --build-directory /app/ros_ws/build/wearable_pkg/build --no-deps symlink_data
[1.375s] INFO:colcon.colcon_core.shell:Creating environment descriptor '/app/ros_ws/build/wearable_pkg/share/wearable_pkg/hook/pythonpath_develop.dsv'
[1.376s] INFO:colcon.colcon_core.shell:Creating environment hook '/app/ros_ws/build/wearable_pkg/share/wearable_pkg/hook/pythonpath_develop.sh'
[1.377s] Level 1:colcon.colcon_core.environment:checking '/app/ros_ws/install/wearable_pkg' for CMake module files
[1.377s] Level 1:colcon.colcon_core.environment:checking '/app/ros_ws/install/wearable_pkg' for CMake config files
[1.378s] Level 1:colcon.colcon_core.environment:checking '/app/ros_ws/install/wearable_pkg/lib'
[1.378s] Level 1:colcon.colcon_core.environment:checking '/app/ros_ws/install/wearable_pkg/bin'
[1.378s] Level 1:colcon.colcon_core.environment:checking '/app/ros_ws/install/wearable_pkg/lib/pkgconfig/wearable_pkg.pc'
[1.378s] Level 1:colcon.colcon_core.environment:checking '/app/ros_ws/install/wearable_pkg/lib/python3.10/site-packages'
[1.379s] Level 1:colcon.colcon_core.shell:create_environment_hook('wearable_pkg', 'pythonpath')
[1.379s] INFO:colcon.colcon_core.shell:Creating environment hook '/app/ros_ws/install/wearable_pkg/share/wearable_pkg/hook/pythonpath.ps1'
[1.379s] INFO:colcon.colcon_core.shell:Creating environment descriptor '/app/ros_ws/install/wearable_pkg/share/wearable_pkg/hook/pythonpath.dsv'
[1.380s] INFO:colcon.colcon_core.shell:Creating environment hook '/app/ros_ws/install/wearable_pkg/share/wearable_pkg/hook/pythonpath.sh'
[1.381s] Level 1:colcon.colcon_core.environment:checking '/app/ros_ws/install/wearable_pkg/bin'
[1.381s] Level 1:colcon.colcon_core.environment:create_environment_scripts_only(wearable_pkg)
[1.381s] INFO:colcon.colcon_core.shell:Creating package script '/app/ros_ws/install/wearable_pkg/share/wearable_pkg/package.ps1'
[1.382s] INFO:colcon.colcon_core.shell:Creating package descriptor '/app/ros_ws/install/wearable_pkg/share/wearable_pkg/package.dsv'
[1.382s] INFO:colcon.colcon_core.shell:Creating package script '/app/ros_ws/install/wearable_pkg/share/wearable_pkg/package.sh'
[1.383s] INFO:colcon.colcon_core.shell:Creating package script '/app/ros_ws/install/wearable_pkg/share/wearable_pkg/package.bash'
[1.383s] INFO:colcon.colcon_core.shell:Creating package script '/app/ros_ws/install/wearable_pkg/share/wearable_pkg/package.zsh'
[1.383s] Level 1:colcon.colcon_core.environment:create_file_with_runtime_dependencies(/app/ros_ws/install/wearable_pkg/share/colcon-core/packages/wearable_pkg)
[1.384s] DEBUG:colcon.colcon_parallel_executor.executor.parallel:closing loop
[1.384s] DEBUG:colcon.colcon_parallel_executor.executor.parallel:loop closed
[1.384s] DEBUG:colcon.colcon_parallel_executor.executor.parallel:run_until_complete finished with '0'
[1.384s] DEBUG:colcon.colcon_core.event_reactor:joining thread
[1.395s] INFO:colcon.colcon_core.plugin_system:Skipping extension 'colcon_notification.desktop_notification.notify_send': Could not find 'notify-send'
[1.395s] INFO:colcon.colcon_core.plugin_system:Skipping extension 'colcon_notification.desktop_notification.terminal_notifier': Not used on non-Darwin systems
[1.395s] INFO:colcon.colcon_core.plugin_system:Skipping extension 'colcon_notification.desktop_notification.win32': Not used on non-Windows systems
[1.395s] INFO:colcon.colcon_notification.desktop_notification:Sending desktop notification using 'notify2'
[1.400s] DEBUG:colcon.colcon_notification.desktop_notification.notify2:Failed to initialize notify2: org.freedesktop.DBus.Error.Spawn.ExecFailed: /usr/bin/dbus-launch terminated abnormally without any error message
[1.400s] DEBUG:colcon.colcon_core.event_reactor:joined thread
[1.401s] INFO:colcon.colcon_core.shell:Creating prefix script '/app/ros_ws/install/local_setup.ps1'
[1.403s] INFO:colcon.colcon_core.shell:Creating prefix util module '/app/ros_ws/install/_local_setup_util_ps1.py'
[1.404s] INFO:colcon.colcon_core.shell:Creating prefix chain script '/app/ros_ws/install/setup.ps1'
[1.406s] INFO:colcon.colcon_core.shell:Creating prefix script '/app/ros_ws/install/local_setup.sh'
[1.424s] INFO:colcon.colcon_core.shell:Creating prefix util module '/app/ros_ws/install/_local_setup_util_sh.py'
[1.424s] INFO:colcon.colcon_core.shell:Creating prefix chain script '/app/ros_ws/install/setup.sh'
[1.426s] INFO:colcon.colcon_core.shell:Creating prefix script '/app/ros_ws/install/local_setup.bash'
[1.427s] INFO:colcon.colcon_core.shell:Creating prefix chain script '/app/ros_ws/install/setup.bash'
[1.428s] INFO:colcon.colcon_core.shell:Creating prefix script '/app/ros_ws/install/local_setup.zsh'
[1.429s] INFO:colcon.colcon_core.shell:Creating prefix chain script '/app/ros_ws/install/setup.zsh'
